0 info it worked if it ends with ok
1 verbose cli [ '/usr/bin/nodejs',
1 verbose cli   '/usr/bin/npm',
1 verbose cli   'install',
1 verbose cli   'PhantomJS',
1 verbose cli   '--save' ]
2 info using npm@1.3.10
3 info using node@v0.10.25
4 warn package.json passport-local@0.1.6 No README data
5 verbose readDependencies using package.json deps
6 verbose cache add [ 'PhantomJS', null ]
7 verbose cache add name=undefined spec="PhantomJS" args=["PhantomJS",null]
8 verbose parsed url { protocol: null,
8 verbose parsed url   slashes: null,
8 verbose parsed url   auth: null,
8 verbose parsed url   host: null,
8 verbose parsed url   port: null,
8 verbose parsed url   hostname: null,
8 verbose parsed url   hash: null,
8 verbose parsed url   search: null,
8 verbose parsed url   query: null,
8 verbose parsed url   pathname: 'PhantomJS',
8 verbose parsed url   path: 'PhantomJS',
8 verbose parsed url   href: 'PhantomJS' }
9 silly lockFile b8bed22c-PhantomJS PhantomJS
10 verbose lock PhantomJS /home/cuongvc/.npm/b8bed22c-PhantomJS.lock
11 silly lockFile b8bed22c-PhantomJS PhantomJS
12 silly lockFile b8bed22c-PhantomJS PhantomJS
13 verbose addNamed [ 'PhantomJS', '' ]
14 verbose addNamed [ null, '*' ]
15 silly lockFile bc06a96e-PhantomJS PhantomJS@
16 verbose lock PhantomJS@ /home/cuongvc/.npm/bc06a96e-PhantomJS.lock
17 silly addNameRange { name: 'PhantomJS', range: '*', hasData: false }
18 verbose url raw PhantomJS
19 verbose url resolving [ 'https://registry.npmjs.org/', './PhantomJS' ]
20 verbose url resolved https://registry.npmjs.org/PhantomJS
21 info trying registry request attempt 1 at 10:33:55
22 http GET https://registry.npmjs.org/PhantomJS
23 http 404 https://registry.npmjs.org/PhantomJS
24 silly registry.get cb [ 404,
24 silly registry.get   { date: 'Sat, 14 Feb 2015 03:33:56 GMT',
24 silly registry.get     server: 'CouchDB/1.5.0 (Erlang OTP/R16B03)',
24 silly registry.get     'content-type': 'application/json',
24 silly registry.get     'cache-control': 'max-age=0',
24 silly registry.get     'content-length': '52',
24 silly registry.get     'accept-ranges': 'bytes',
24 silly registry.get     via: '1.1 varnish',
24 silly registry.get     'x-served-by': 'cache-lax1433-LAX',
24 silly registry.get     'x-cache': 'MISS',
24 silly registry.get     'x-cache-hits': '0',
24 silly registry.get     'x-timer': 'S1423884836.026678,VS0,VE43',
24 silly registry.get     'keep-alive': 'timeout=10, max=50',
24 silly registry.get     connection: 'Keep-Alive' } ]
25 silly lockFile bc06a96e-PhantomJS PhantomJS@
26 silly lockFile bc06a96e-PhantomJS PhantomJS@
27 error 404 'PhantomJS' is not in the npm registry.
27 error 404 You should bug the author to publish it
27 error 404
27 error 404 Note that you can also install from a
27 error 404 tarball, folder, or http url, or git url.
28 error System Linux 3.13.0-45-generic
29 error command "/usr/bin/nodejs" "/usr/bin/npm" "install" "PhantomJS" "--save"
30 error cwd /home/cuongvc/Desktop/Work/JobPitch/Word Space/jobpitch-backend-nodejs
31 error node -v v0.10.25
32 error npm -v 1.3.10
33 error code E404
34 verbose exit [ 1, true ]
